<?xml version="1.0" encoding="UTF-8"?>
<testsuite name="com.day17.test.BSTTest" tests="1" skipped="0" failures="0" errors="0" timestamp="2020-10-19T15:54:05" hostname="DESKTOP-9T3G1G1" time="0.002">
  <properties/>
  <testcase name="givenNodes_shouldReturnBST" classname="com.day17.test.BSTTest" time="0.002"/>
  <system-out><![CDATA[]]></system-out>
  <system-err><![CDATA[]]></system-err>
</testsuite>
